c:\users\sebda\onedrive\desktop\ojp-enhanced-universe-master\ojpenhanced\jampgamex86.bsc
c:\users\sebda\onedrive\desktop\ojp-enhanced-universe-master\source\debug\jk2game\vc143.pdb
c:\users\sebda\onedrive\desktop\ojp-enhanced-universe-master\source\debug\jk2game\vc143.idb
c:\users\sebda\onedrive\desktop\ojp-enhanced-universe-master\source\debug\jk2game\ai_aotc.sbr
c:\users\sebda\onedrive\desktop\ojp-enhanced-universe-master\source\debug\jk2game\ai_hybrid.sbr
c:\users\sebda\onedrive\desktop\ojp-enhanced-universe-master\source\debug\jk2game\ai_main.sbr
c:\users\sebda\onedrive\desktop\ojp-enhanced-universe-master\source\debug\jk2game\ai_tab.sbr
c:\users\sebda\onedrive\desktop\ojp-enhanced-universe-master\source\debug\jk2game\ai_util.sbr
c:\users\sebda\onedrive\desktop\ojp-enhanced-universe-master\source\debug\jk2game\ai_wpnav.sbr
c:\users\sebda\onedrive\desktop\ojp-enhanced-universe-master\source\debug\jk2game\animalnpc.sbr
c:\users\sebda\onedrive\desktop\ojp-enhanced-universe-master\source\debug\jk2game\aotctc_holocron.sbr
c:\users\sebda\onedrive\desktop\ojp-enhanced-universe-master\source\debug\jk2game\bg_g2_utils.sbr
c:\users\sebda\onedrive\desktop\ojp-enhanced-universe-master\source\debug\jk2game\bg_misc.sbr
c:\users\sebda\onedrive\desktop\ojp-enhanced-universe-master\source\debug\jk2game\bg_panimate.sbr
c:\users\sebda\onedrive\desktop\ojp-enhanced-universe-master\source\debug\jk2game\bg_pmove.sbr
c:\users\sebda\onedrive\desktop\ojp-enhanced-universe-master\source\debug\jk2game\bg_saber.sbr
c:\users\sebda\onedrive\desktop\ojp-enhanced-universe-master\source\debug\jk2game\bg_saberload.sbr
c:\users\sebda\onedrive\desktop\ojp-enhanced-universe-master\source\debug\jk2game\bg_saga.sbr
c:\users\sebda\onedrive\desktop\ojp-enhanced-universe-master\source\debug\jk2game\bg_slidemove.sbr
c:\users\sebda\onedrive\desktop\ojp-enhanced-universe-master\source\debug\jk2game\bg_vehicleload.sbr
c:\users\sebda\onedrive\desktop\ojp-enhanced-universe-master\source\debug\jk2game\bg_weapons.sbr
c:\users\sebda\onedrive\desktop\ojp-enhanced-universe-master\source\debug\jk2game\fighternpc.sbr
c:\users\sebda\onedrive\desktop\ojp-enhanced-universe-master\source\debug\jk2game\g_active.sbr
c:\users\sebda\onedrive\desktop\ojp-enhanced-universe-master\source\debug\jk2game\g_active.obj
c:\users\sebda\onedrive\desktop\ojp-enhanced-universe-master\source\debug\jk2game\fighternpc.obj
c:\users\sebda\onedrive\desktop\ojp-enhanced-universe-master\source\debug\jk2game\bg_weapons.obj
c:\users\sebda\onedrive\desktop\ojp-enhanced-universe-master\source\debug\jk2game\bg_vehicleload.obj
c:\users\sebda\onedrive\desktop\ojp-enhanced-universe-master\source\debug\jk2game\bg_slidemove.obj
c:\users\sebda\onedrive\desktop\ojp-enhanced-universe-master\source\debug\jk2game\bg_saga.obj
c:\users\sebda\onedrive\desktop\ojp-enhanced-universe-master\source\debug\jk2game\bg_saberload.obj
c:\users\sebda\onedrive\desktop\ojp-enhanced-universe-master\source\debug\jk2game\bg_saber.obj
c:\users\sebda\onedrive\desktop\ojp-enhanced-universe-master\source\debug\jk2game\bg_pmove.obj
c:\users\sebda\onedrive\desktop\ojp-enhanced-universe-master\source\debug\jk2game\bg_panimate.obj
c:\users\sebda\onedrive\desktop\ojp-enhanced-universe-master\source\debug\jk2game\bg_misc.obj
c:\users\sebda\onedrive\desktop\ojp-enhanced-universe-master\source\debug\jk2game\bg_g2_utils.obj
c:\users\sebda\onedrive\desktop\ojp-enhanced-universe-master\source\debug\jk2game\aotctc_holocron.obj
c:\users\sebda\onedrive\desktop\ojp-enhanced-universe-master\source\debug\jk2game\animalnpc.obj
c:\users\sebda\onedrive\desktop\ojp-enhanced-universe-master\source\debug\jk2game\ai_wpnav.obj
c:\users\sebda\onedrive\desktop\ojp-enhanced-universe-master\source\debug\jk2game\ai_util.obj
c:\users\sebda\onedrive\desktop\ojp-enhanced-universe-master\source\debug\jk2game\ai_tab.obj
c:\users\sebda\onedrive\desktop\ojp-enhanced-universe-master\source\debug\jk2game\ai_main.obj
c:\users\sebda\onedrive\desktop\ojp-enhanced-universe-master\source\debug\jk2game\ai_hybrid.obj
c:\users\sebda\onedrive\desktop\ojp-enhanced-universe-master\source\debug\jk2game\ai_aotc.obj
c:\users\sebda\onedrive\desktop\ojp-enhanced-universe-master\source\debug\jk2game\g_arenas.sbr
c:\users\sebda\onedrive\desktop\ojp-enhanced-universe-master\source\debug\jk2game\g_autosave.sbr
c:\users\sebda\onedrive\desktop\ojp-enhanced-universe-master\source\debug\jk2game\g_bot.sbr
c:\users\sebda\onedrive\desktop\ojp-enhanced-universe-master\source\debug\jk2game\g_breakable.sbr
c:\users\sebda\onedrive\desktop\ojp-enhanced-universe-master\source\debug\jk2game\g_camera.sbr
c:\users\sebda\onedrive\desktop\ojp-enhanced-universe-master\source\debug\jk2game\g_client.sbr
c:\users\sebda\onedrive\desktop\ojp-enhanced-universe-master\source\debug\jk2game\g_cmds.sbr
c:\users\sebda\onedrive\desktop\ojp-enhanced-universe-master\source\debug\jk2game\g_combat.sbr
c:\users\sebda\onedrive\desktop\ojp-enhanced-universe-master\source\debug\jk2game\g_crash.sbr
c:\users\sebda\onedrive\desktop\ojp-enhanced-universe-master\source\debug\jk2game\g_dynmusic.sbr
c:\users\sebda\onedrive\desktop\ojp-enhanced-universe-master\source\debug\jk2game\g_exphysics.sbr
c:\users\sebda\onedrive\desktop\ojp-enhanced-universe-master\source\debug\jk2game\g_icaruscb.sbr
c:\users\sebda\onedrive\desktop\ojp-enhanced-universe-master\source\debug\jk2game\g_items.sbr
c:\users\sebda\onedrive\desktop\ojp-enhanced-universe-master\source\debug\jk2game\g_log.sbr
c:\users\sebda\onedrive\desktop\ojp-enhanced-universe-master\source\debug\jk2game\g_main.sbr
c:\users\sebda\onedrive\desktop\ojp-enhanced-universe-master\source\debug\jk2game\g_mem.sbr
c:\users\sebda\onedrive\desktop\ojp-enhanced-universe-master\source\debug\jk2game\g_misc.sbr
c:\users\sebda\onedrive\desktop\ojp-enhanced-universe-master\source\debug\jk2game\g_missile.sbr
c:\users\sebda\onedrive\desktop\ojp-enhanced-universe-master\source\debug\jk2game\g_mover.sbr
c:\users\sebda\onedrive\desktop\ojp-enhanced-universe-master\source\debug\jk2game\g_nav.sbr
c:\users\sebda\onedrive\desktop\ojp-enhanced-universe-master\source\debug\jk2game\g_nav.obj
c:\users\sebda\onedrive\desktop\ojp-enhanced-universe-master\source\debug\jk2game\g_mover.obj
c:\users\sebda\onedrive\desktop\ojp-enhanced-universe-master\source\debug\jk2game\g_missile.obj
c:\users\sebda\onedrive\desktop\ojp-enhanced-universe-master\source\debug\jk2game\g_misc.obj
c:\users\sebda\onedrive\desktop\ojp-enhanced-universe-master\source\debug\jk2game\g_mem.obj
c:\users\sebda\onedrive\desktop\ojp-enhanced-universe-master\source\debug\jk2game\g_main.obj
c:\users\sebda\onedrive\desktop\ojp-enhanced-universe-master\source\debug\jk2game\g_log.obj
c:\users\sebda\onedrive\desktop\ojp-enhanced-universe-master\source\debug\jk2game\g_items.obj
c:\users\sebda\onedrive\desktop\ojp-enhanced-universe-master\source\debug\jk2game\g_icaruscb.obj
c:\users\sebda\onedrive\desktop\ojp-enhanced-universe-master\source\debug\jk2game\g_exphysics.obj
c:\users\sebda\onedrive\desktop\ojp-enhanced-universe-master\source\debug\jk2game\g_dynmusic.obj
c:\users\sebda\onedrive\desktop\ojp-enhanced-universe-master\source\debug\jk2game\g_crash.obj
c:\users\sebda\onedrive\desktop\ojp-enhanced-universe-master\source\debug\jk2game\g_combat.obj
c:\users\sebda\onedrive\desktop\ojp-enhanced-universe-master\source\debug\jk2game\g_cmds.obj
c:\users\sebda\onedrive\desktop\ojp-enhanced-universe-master\source\debug\jk2game\g_client.obj
c:\users\sebda\onedrive\desktop\ojp-enhanced-universe-master\source\debug\jk2game\g_camera.obj
c:\users\sebda\onedrive\desktop\ojp-enhanced-universe-master\source\debug\jk2game\g_breakable.obj
c:\users\sebda\onedrive\desktop\ojp-enhanced-universe-master\source\debug\jk2game\g_bot.obj
c:\users\sebda\onedrive\desktop\ojp-enhanced-universe-master\source\debug\jk2game\g_autosave.obj
c:\users\sebda\onedrive\desktop\ojp-enhanced-universe-master\source\debug\jk2game\g_arenas.obj
c:\users\sebda\onedrive\desktop\ojp-enhanced-universe-master\source\debug\jk2game\g_navnew.sbr
c:\users\sebda\onedrive\desktop\ojp-enhanced-universe-master\source\debug\jk2game\g_object.sbr
c:\users\sebda\onedrive\desktop\ojp-enhanced-universe-master\source\debug\jk2game\g_roff.sbr
c:\users\sebda\onedrive\desktop\ojp-enhanced-universe-master\source\debug\jk2game\g_saberbeh.sbr
c:\users\sebda\onedrive\desktop\ojp-enhanced-universe-master\source\debug\jk2game\g_saga.sbr
c:\users\sebda\onedrive\desktop\ojp-enhanced-universe-master\source\debug\jk2game\g_session.sbr
c:\users\sebda\onedrive\desktop\ojp-enhanced-universe-master\source\debug\jk2game\g_spawn.sbr
c:\users\sebda\onedrive\desktop\ojp-enhanced-universe-master\source\debug\jk2game\g_strap.sbr
c:\users\sebda\onedrive\desktop\ojp-enhanced-universe-master\source\debug\jk2game\g_svcmds.sbr
c:\users\sebda\onedrive\desktop\ojp-enhanced-universe-master\source\debug\jk2game\g_syscalls.sbr
c:\users\sebda\onedrive\desktop\ojp-enhanced-universe-master\source\debug\jk2game\g_target.sbr
c:\users\sebda\onedrive\desktop\ojp-enhanced-universe-master\source\debug\jk2game\g_team.sbr
c:\users\sebda\onedrive\desktop\ojp-enhanced-universe-master\source\debug\jk2game\g_timer.sbr
c:\users\sebda\onedrive\desktop\ojp-enhanced-universe-master\source\debug\jk2game\g_trigger.sbr
c:\users\sebda\onedrive\desktop\ojp-enhanced-universe-master\source\debug\jk2game\g_turret.sbr
c:\users\sebda\onedrive\desktop\ojp-enhanced-universe-master\source\debug\jk2game\g_turret_g2.sbr
c:\users\sebda\onedrive\desktop\ojp-enhanced-universe-master\source\debug\jk2game\g_utils.sbr
c:\users\sebda\onedrive\desktop\ojp-enhanced-universe-master\source\debug\jk2game\g_vehicles.sbr
c:\users\sebda\onedrive\desktop\ojp-enhanced-universe-master\source\debug\jk2game\g_vehicleturret.sbr
c:\users\sebda\onedrive\desktop\ojp-enhanced-universe-master\source\debug\jk2game\g_weapon.sbr
c:\users\sebda\onedrive\desktop\ojp-enhanced-universe-master\source\debug\jk2game\g_weapon.obj
c:\users\sebda\onedrive\desktop\ojp-enhanced-universe-master\source\debug\jk2game\g_vehicleturret.obj
c:\users\sebda\onedrive\desktop\ojp-enhanced-universe-master\source\debug\jk2game\g_vehicles.obj
c:\users\sebda\onedrive\desktop\ojp-enhanced-universe-master\source\debug\jk2game\g_utils.obj
c:\users\sebda\onedrive\desktop\ojp-enhanced-universe-master\source\debug\jk2game\g_turret_g2.obj
c:\users\sebda\onedrive\desktop\ojp-enhanced-universe-master\source\debug\jk2game\g_turret.obj
c:\users\sebda\onedrive\desktop\ojp-enhanced-universe-master\source\debug\jk2game\g_trigger.obj
c:\users\sebda\onedrive\desktop\ojp-enhanced-universe-master\source\debug\jk2game\g_timer.obj
c:\users\sebda\onedrive\desktop\ojp-enhanced-universe-master\source\debug\jk2game\g_team.obj
c:\users\sebda\onedrive\desktop\ojp-enhanced-universe-master\source\debug\jk2game\g_target.obj
c:\users\sebda\onedrive\desktop\ojp-enhanced-universe-master\source\debug\jk2game\g_syscalls.obj
c:\users\sebda\onedrive\desktop\ojp-enhanced-universe-master\source\debug\jk2game\g_svcmds.obj
c:\users\sebda\onedrive\desktop\ojp-enhanced-universe-master\source\debug\jk2game\g_strap.obj
c:\users\sebda\onedrive\desktop\ojp-enhanced-universe-master\source\debug\jk2game\g_spawn.obj
c:\users\sebda\onedrive\desktop\ojp-enhanced-universe-master\source\debug\jk2game\g_session.obj
c:\users\sebda\onedrive\desktop\ojp-enhanced-universe-master\source\debug\jk2game\g_saga.obj
c:\users\sebda\onedrive\desktop\ojp-enhanced-universe-master\source\debug\jk2game\g_saberbeh.obj
c:\users\sebda\onedrive\desktop\ojp-enhanced-universe-master\source\debug\jk2game\g_roff.obj
c:\users\sebda\onedrive\desktop\ojp-enhanced-universe-master\source\debug\jk2game\g_object.obj
c:\users\sebda\onedrive\desktop\ojp-enhanced-universe-master\source\debug\jk2game\g_navnew.obj
c:\users\sebda\onedrive\desktop\ojp-enhanced-universe-master\source\debug\jk2game\npc.sbr
c:\users\sebda\onedrive\desktop\ojp-enhanced-universe-master\source\debug\jk2game\npc_ai_assassindroid.sbr
c:\users\sebda\onedrive\desktop\ojp-enhanced-universe-master\source\debug\jk2game\npc_ai_atst.sbr
c:\users\sebda\onedrive\desktop\ojp-enhanced-universe-master\source\debug\jk2game\npc_ai_civilian.sbr
c:\users\sebda\onedrive\desktop\ojp-enhanced-universe-master\source\debug\jk2game\npc_ai_default.sbr
c:\users\sebda\onedrive\desktop\ojp-enhanced-universe-master\source\debug\jk2game\npc_ai_droid.sbr
c:\users\sebda\onedrive\desktop\ojp-enhanced-universe-master\source\debug\jk2game\npc_ai_galakmech.sbr
c:\users\sebda\onedrive\desktop\ojp-enhanced-universe-master\source\debug\jk2game\npc_ai_grenadier.sbr
c:\users\sebda\onedrive\desktop\ojp-enhanced-universe-master\source\debug\jk2game\npc_ai_howler.sbr
c:\users\sebda\onedrive\desktop\ojp-enhanced-universe-master\source\debug\jk2game\npc_ai_imperialprobe.sbr
c:\users\sebda\onedrive\desktop\ojp-enhanced-universe-master\source\debug\jk2game\npc_ai_interrogator.sbr
c:\users\sebda\onedrive\desktop\ojp-enhanced-universe-master\source\debug\jk2game\npc_ai_jedi.sbr
c:\users\sebda\onedrive\desktop\ojp-enhanced-universe-master\source\debug\jk2game\npc_ai_mark1.sbr
c:\users\sebda\onedrive\desktop\ojp-enhanced-universe-master\source\debug\jk2game\npc_ai_mark2.sbr
c:\users\sebda\onedrive\desktop\ojp-enhanced-universe-master\source\debug\jk2game\npc_ai_minemonster.sbr
c:\users\sebda\onedrive\desktop\ojp-enhanced-universe-master\source\debug\jk2game\npc_ai_rancor.sbr
c:\users\sebda\onedrive\desktop\ojp-enhanced-universe-master\source\debug\jk2game\npc_ai_remote.sbr
c:\users\sebda\onedrive\desktop\ojp-enhanced-universe-master\source\debug\jk2game\npc_ai_rockettrooper.sbr
c:\users\sebda\onedrive\desktop\ojp-enhanced-universe-master\source\debug\jk2game\npc_ai_saberdroid.sbr
c:\users\sebda\onedrive\desktop\ojp-enhanced-universe-master\source\debug\jk2game\npc_ai_sand_creature.sbr
c:\users\sebda\onedrive\desktop\ojp-enhanced-universe-master\source\debug\jk2game\npc_ai_sand_creature.obj
c:\users\sebda\onedrive\desktop\ojp-enhanced-universe-master\source\debug\jk2game\npc_ai_saberdroid.obj
c:\users\sebda\onedrive\desktop\ojp-enhanced-universe-master\source\debug\jk2game\npc_ai_rockettrooper.obj
c:\users\sebda\onedrive\desktop\ojp-enhanced-universe-master\source\debug\jk2game\npc_ai_remote.obj
c:\users\sebda\onedrive\desktop\ojp-enhanced-universe-master\source\debug\jk2game\npc_ai_rancor.obj
c:\users\sebda\onedrive\desktop\ojp-enhanced-universe-master\source\debug\jk2game\npc_ai_minemonster.obj
c:\users\sebda\onedrive\desktop\ojp-enhanced-universe-master\source\debug\jk2game\npc_ai_mark2.obj
c:\users\sebda\onedrive\desktop\ojp-enhanced-universe-master\source\debug\jk2game\npc_ai_mark1.obj
c:\users\sebda\onedrive\desktop\ojp-enhanced-universe-master\source\debug\jk2game\npc_ai_jedi.obj
c:\users\sebda\onedrive\desktop\ojp-enhanced-universe-master\source\debug\jk2game\npc_ai_interrogator.obj
c:\users\sebda\onedrive\desktop\ojp-enhanced-universe-master\source\debug\jk2game\npc_ai_imperialprobe.obj
c:\users\sebda\onedrive\desktop\ojp-enhanced-universe-master\source\debug\jk2game\npc_ai_howler.obj
c:\users\sebda\onedrive\desktop\ojp-enhanced-universe-master\source\debug\jk2game\npc_ai_grenadier.obj
c:\users\sebda\onedrive\desktop\ojp-enhanced-universe-master\source\debug\jk2game\npc_ai_galakmech.obj
c:\users\sebda\onedrive\desktop\ojp-enhanced-universe-master\source\debug\jk2game\npc_ai_droid.obj
c:\users\sebda\onedrive\desktop\ojp-enhanced-universe-master\source\debug\jk2game\npc_ai_default.obj
c:\users\sebda\onedrive\desktop\ojp-enhanced-universe-master\source\debug\jk2game\npc_ai_civilian.obj
c:\users\sebda\onedrive\desktop\ojp-enhanced-universe-master\source\debug\jk2game\npc_ai_atst.obj
c:\users\sebda\onedrive\desktop\ojp-enhanced-universe-master\source\debug\jk2game\npc_ai_assassindroid.obj
c:\users\sebda\onedrive\desktop\ojp-enhanced-universe-master\source\debug\jk2game\npc.obj
c:\users\sebda\onedrive\desktop\ojp-enhanced-universe-master\source\debug\jk2game\npc_ai_seeker.sbr
c:\users\sebda\onedrive\desktop\ojp-enhanced-universe-master\source\debug\jk2game\npc_ai_sentry.sbr
c:\users\sebda\onedrive\desktop\ojp-enhanced-universe-master\source\debug\jk2game\npc_ai_sniper.sbr
c:\users\sebda\onedrive\desktop\ojp-enhanced-universe-master\source\debug\jk2game\npc_ai_stormtrooper.sbr
c:\users\sebda\onedrive\desktop\ojp-enhanced-universe-master\source\debug\jk2game\npc_ai_utils.sbr
c:\users\sebda\onedrive\desktop\ojp-enhanced-universe-master\source\debug\jk2game\npc_ai_wampa.sbr
c:\users\sebda\onedrive\desktop\ojp-enhanced-universe-master\source\debug\jk2game\npc_behavior.sbr
c:\users\sebda\onedrive\desktop\ojp-enhanced-universe-master\source\debug\jk2game\npc_combat.sbr
c:\users\sebda\onedrive\desktop\ojp-enhanced-universe-master\source\debug\jk2game\npc_goal.sbr
c:\users\sebda\onedrive\desktop\ojp-enhanced-universe-master\source\debug\jk2game\npc_misc.sbr
c:\users\sebda\onedrive\desktop\ojp-enhanced-universe-master\source\debug\jk2game\npc_move.sbr
c:\users\sebda\onedrive\desktop\ojp-enhanced-universe-master\source\debug\jk2game\npc_reactions.sbr
c:\users\sebda\onedrive\desktop\ojp-enhanced-universe-master\source\debug\jk2game\npc_senses.sbr
c:\users\sebda\onedrive\desktop\ojp-enhanced-universe-master\source\debug\jk2game\npc_sounds.sbr
c:\users\sebda\onedrive\desktop\ojp-enhanced-universe-master\source\debug\jk2game\npc_spawn.sbr
c:\users\sebda\onedrive\desktop\ojp-enhanced-universe-master\source\debug\jk2game\npc_stats.sbr
c:\users\sebda\onedrive\desktop\ojp-enhanced-universe-master\source\debug\jk2game\npc_utils.sbr
c:\users\sebda\onedrive\desktop\ojp-enhanced-universe-master\source\debug\jk2game\npc_vehicle.sbr
c:\users\sebda\onedrive\desktop\ojp-enhanced-universe-master\source\debug\jk2game\q_math.sbr
c:\users\sebda\onedrive\desktop\ojp-enhanced-universe-master\source\debug\jk2game\q_shared.sbr
c:\users\sebda\onedrive\desktop\ojp-enhanced-universe-master\source\debug\jk2game\q_shared.obj
c:\users\sebda\onedrive\desktop\ojp-enhanced-universe-master\source\debug\jk2game\q_math.obj
c:\users\sebda\onedrive\desktop\ojp-enhanced-universe-master\source\debug\jk2game\npc_vehicle.obj
c:\users\sebda\onedrive\desktop\ojp-enhanced-universe-master\source\debug\jk2game\npc_utils.obj
c:\users\sebda\onedrive\desktop\ojp-enhanced-universe-master\source\debug\jk2game\npc_stats.obj
c:\users\sebda\onedrive\desktop\ojp-enhanced-universe-master\source\debug\jk2game\npc_spawn.obj
c:\users\sebda\onedrive\desktop\ojp-enhanced-universe-master\source\debug\jk2game\npc_sounds.obj
c:\users\sebda\onedrive\desktop\ojp-enhanced-universe-master\source\debug\jk2game\npc_senses.obj
c:\users\sebda\onedrive\desktop\ojp-enhanced-universe-master\source\debug\jk2game\npc_reactions.obj
c:\users\sebda\onedrive\desktop\ojp-enhanced-universe-master\source\debug\jk2game\npc_move.obj
c:\users\sebda\onedrive\desktop\ojp-enhanced-universe-master\source\debug\jk2game\npc_misc.obj
c:\users\sebda\onedrive\desktop\ojp-enhanced-universe-master\source\debug\jk2game\npc_goal.obj
c:\users\sebda\onedrive\desktop\ojp-enhanced-universe-master\source\debug\jk2game\npc_combat.obj
c:\users\sebda\onedrive\desktop\ojp-enhanced-universe-master\source\debug\jk2game\npc_behavior.obj
c:\users\sebda\onedrive\desktop\ojp-enhanced-universe-master\source\debug\jk2game\npc_ai_wampa.obj
c:\users\sebda\onedrive\desktop\ojp-enhanced-universe-master\source\debug\jk2game\npc_ai_utils.obj
c:\users\sebda\onedrive\desktop\ojp-enhanced-universe-master\source\debug\jk2game\npc_ai_stormtrooper.obj
c:\users\sebda\onedrive\desktop\ojp-enhanced-universe-master\source\debug\jk2game\npc_ai_sniper.obj
c:\users\sebda\onedrive\desktop\ojp-enhanced-universe-master\source\debug\jk2game\npc_ai_sentry.obj
c:\users\sebda\onedrive\desktop\ojp-enhanced-universe-master\source\debug\jk2game\npc_ai_seeker.obj
c:\users\sebda\onedrive\desktop\ojp-enhanced-universe-master\source\debug\jk2game\speedernpc.sbr
c:\users\sebda\onedrive\desktop\ojp-enhanced-universe-master\source\debug\jk2game\tri_coll_test.sbr
c:\users\sebda\onedrive\desktop\ojp-enhanced-universe-master\source\debug\jk2game\w_force.sbr
c:\users\sebda\onedrive\desktop\ojp-enhanced-universe-master\source\debug\jk2game\w_saber.sbr
c:\users\sebda\onedrive\desktop\ojp-enhanced-universe-master\source\debug\jk2game\walkernpc.sbr
c:\users\sebda\onedrive\desktop\ojp-enhanced-universe-master\source\debug\jk2game\walkernpc.obj
c:\users\sebda\onedrive\desktop\ojp-enhanced-universe-master\source\debug\jk2game\w_saber.obj
c:\users\sebda\onedrive\desktop\ojp-enhanced-universe-master\source\debug\jk2game\w_force.obj
c:\users\sebda\onedrive\desktop\ojp-enhanced-universe-master\source\debug\jk2game\tri_coll_test.obj
c:\users\sebda\onedrive\desktop\ojp-enhanced-universe-master\source\debug\jk2game\speedernpc.obj
c:\users\sebda\onedrive\desktop\ojp-enhanced-universe-master\source\debug\jampgamex86.lib
c:\users\sebda\onedrive\desktop\ojp-enhanced-universe-master\source\debug\jampgamex86.exp
c:\users\sebda\onedrive\desktop\ojp-enhanced-universe-master\source\debug\jk2game\jampgamex86.ilk
c:\users\sebda\onedrive\desktop\ojp-enhanced-universe-master\ojpenhanced\jampgamex86.dll
c:\users\sebda\onedrive\desktop\ojp-enhanced-universe-master\source\debug\jampgamex86.map
c:\users\sebda\onedrive\desktop\ojp-enhanced-universe-master\source\debug\jampgamex86.pdb
c:\users\sebda\onedrive\desktop\ojp-enhanced-universe-master\source\debug\jk2game\jk2game.tlog\bscmake.command.1.tlog
c:\users\sebda\onedrive\desktop\ojp-enhanced-universe-master\source\debug\jk2game\jk2game.tlog\bscmake.read.1.tlog
c:\users\sebda\onedrive\desktop\ojp-enhanced-universe-master\source\debug\jk2game\jk2game.tlog\bscmake.write.1.tlog
c:\users\sebda\onedrive\desktop\ojp-enhanced-universe-master\source\debug\jk2game\jk2game.tlog\cl.command.1.tlog
c:\users\sebda\onedrive\desktop\ojp-enhanced-universe-master\source\debug\jk2game\jk2game.tlog\cl.read.1.tlog
c:\users\sebda\onedrive\desktop\ojp-enhanced-universe-master\source\debug\jk2game\jk2game.tlog\cl.write.1.tlog
c:\users\sebda\onedrive\desktop\ojp-enhanced-universe-master\source\debug\jk2game\jk2game.tlog\jk2game.write.1u.tlog
c:\users\sebda\onedrive\desktop\ojp-enhanced-universe-master\source\debug\jk2game\jk2game.tlog\link.command.1.tlog
c:\users\sebda\onedrive\desktop\ojp-enhanced-universe-master\source\debug\jk2game\jk2game.tlog\link.read.1.tlog
c:\users\sebda\onedrive\desktop\ojp-enhanced-universe-master\source\debug\jk2game\jk2game.tlog\link.write.1.tlog
